#! /c/iverilog/bin/vvp
:ivl_version "0.9.7 " "(v0_9_7)";
:vpi_time_precision - 11;
:vpi_module "system";
:vpi_module "v2005_math";
:vpi_module "va_math";
S_01447A68 .scope module, "Matrix_Multiplier_tb" "Matrix_Multiplier_tb" 2 3;
 .timescale -9 -11;
v01487938_0 .var "clk", 0 0;
v01487BA0_0 .var "din", 7 0;
v01487F68_0 .net "dout", 16 0, v014826C0_0; 1 drivers
v014879E8_0 .var "input_file", 1023 0;
v01487B48 .array/s "matExpect", 0 15, 16 0;
v01487CA8 .array/s "matIn", 0 31, 7 0;
v01487A98_0 .var "rst", 0 0;
v01487D00_0 .var "wrt_en", 0 0;
E_0144A968 .event edge, v01487BF8_0;
S_01446748 .scope task, "calc_expect" "calc_expect" 2 65, 2 65, S_01447A68;
 .timescale -9 -11;
v01487780_0 .var/i "c", 31 0;
v01487EB8_0 .var/i "k", 31 0;
v01487888_0 .var/i "r", 31 0;
v01487C50_0 .var/s "sum", 16 0;
TD_Matrix_Multiplier_tb.calc_expect ;
    %set/v v01487888_0, 0, 32;
T_0.0 ;
    %load/v 8, v01487888_0, 32;
   %cmpi/s 8, 4, 32;
    %jmp/0xz T_0.1, 5;
    %set/v v01487780_0, 0, 32;
T_0.2 ;
    %load/v 8, v01487780_0, 32;
   %cmpi/s 8, 4, 32;
    %jmp/0xz T_0.3, 5;
    %set/v v01487C50_0, 0, 17;
    %set/v v01487EB8_0, 0, 32;
T_0.4 ;
    %load/v 8, v01487EB8_0, 32;
   %cmpi/s 8, 4, 32;
    %jmp/0xz T_0.5, 5;
    %load/v 8, v01487C50_0, 17;
    %load/v 42, v01487888_0, 32;
    %mov 74, 73, 1;
    %mov 75, 73, 1;
    %mov 76, 73, 1;
    %mov 77, 73, 1;
    %muli 42, 4, 36;
    %load/v 78, v01487EB8_0, 32;
    %mov 110, 109, 1;
    %mov 111, 109, 1;
    %mov 112, 109, 1;
    %mov 113, 109, 1;
    %add 42, 78, 36;
    %ix/get/s 3, 42, 36;
    %load/av 25, v01487CA8, 8;
    %mov 33, 32, 1;
    %mov 34, 32, 1;
    %mov 35, 32, 1;
    %mov 36, 32, 1;
    %mov 37, 32, 1;
    %mov 38, 32, 1;
    %mov 39, 32, 1;
    %mov 40, 32, 1;
    %mov 41, 32, 1;
    %load/v 59, v01487EB8_0, 32;
    %mov 91, 90, 1;
    %mov 92, 90, 1;
    %mov 93, 90, 1;
    %mov 94, 90, 1;
    %muli 59, 4, 36;
    %load/v 95, v01487780_0, 32;
    %mov 127, 126, 1;
    %mov 128, 126, 1;
    %mov 129, 126, 1;
    %mov 130, 126, 1;
    %add 59, 95, 36;
    %addi 59, 16, 36;
    %ix/get/s 3, 59, 36;
    %load/av 42, v01487CA8, 8;
    %mov 50, 49, 1;
    %mov 51, 49, 1;
    %mov 52, 49, 1;
    %mov 53, 49, 1;
    %mov 54, 49, 1;
    %mov 55, 49, 1;
    %mov 56, 49, 1;
    %mov 57, 49, 1;
    %mov 58, 49, 1;
    %mul 25, 42, 17;
    %add 8, 25, 17;
    %set/v v01487C50_0, 8, 17;
    %ix/load 0, 1, 0;
    %load/vp0/s 8, v01487EB8_0, 32;
    %set/v v01487EB8_0, 8, 32;
    %jmp T_0.4;
T_0.5 ;
    %load/v 8, v01487C50_0, 17;
    %load/v 25, v01487888_0, 32;
    %mov 57, 56, 1;
    %mov 58, 56, 1;
    %mov 59, 56, 1;
    %mov 60, 56, 1;
    %muli 25, 4, 36;
    %load/v 61, v01487780_0, 32;
    %mov 93, 92, 1;
    %mov 94, 92, 1;
    %mov 95, 92, 1;
    %mov 96, 92, 1;
    %add 25, 61, 36;
    %ix/get/s 3, 25, 36;
   %jmp/1 t_0, 4;
   %ix/load 1, 0, 0;
   %set/av v01487B48, 8, 17;
t_0 ;
    %ix/load 0, 1, 0;
    %load/vp0/s 8, v01487780_0, 32;
    %set/v v01487780_0, 8, 32;
    %jmp T_0.2;
T_0.3 ;
    %ix/load 0, 1, 0;
    %load/vp0/s 8, v01487888_0, 32;
    %set/v v01487888_0, 8, 32;
    %jmp T_0.0;
T_0.1 ;
    %end;
S_014466C0 .scope task, "check_dout" "check_dout" 2 82, 2 82, S_01447A68;
 .timescale -9 -11;
v01487DB0_0 .var/i "i", 31 0;
v01487E60_0 .var/i "pass", 31 0;
TD_Matrix_Multiplier_tb.check_dout ;
    %set/v v01487E60_0, 0, 32;
    %set/v v01487DB0_0, 0, 32;
T_1.6 ;
    %load/v 8, v01487DB0_0, 32;
   %cmpi/s 8, 16, 32;
    %jmp/0xz T_1.7, 5;
    %wait E_0144AAC8;
    %delay 100, 0;
    %load/v 26, v01487F68_0, 17;
    %set/v v01487AF0_0, 26, 17;
    %fork TD_Matrix_Multiplier_tb.StoS2C, S_01447050;
    %join;
    %load/v  26, v01487A40_0, 17;
    %mov 8, 26, 17;
    %mov 25, 0, 1;
    %ix/getv/s 3, v01487DB0_0;
    %load/av 26, v01487B48, 17;
    %mov 43, 0, 1;
    %cmp/u 8, 26, 18;
    %inv 6, 1;
    %jmp/0xz  T_1.8, 6;
    %load/v 8, v01487F68_0, 17;
    %set/v v01487AF0_0, 8, 17;
    %fork TD_Matrix_Multiplier_tb.StoS2C, S_01447050;
    %join;
    %load/v  8, v01487A40_0, 17;
    %vpi_call 2 90 "$display", "%0d expected %0d got %0d.", v01487DB0_0, &A<v01487B48, v01487DB0_0 >, T<8,17,u>;
    %jmp T_1.9;
T_1.8 ;
    %load/v 8, v01487E60_0, 32;
    %mov 40, 39, 1;
    %addi 8, 1, 33;
    %set/v v01487E60_0, 8, 32;
T_1.9 ;
    %ix/load 0, 1, 0;
    %load/vp0/s 8, v01487DB0_0, 32;
    %set/v v01487DB0_0, 8, 32;
    %jmp T_1.6;
T_1.7 ;
    %vpi_call 2 94 "$display", "%0d/16 passed!", v01487E60_0;
    %end;
S_01446528 .scope task, "input_load" "input_load" 2 50, 2 50, S_01447A68;
 .timescale -9 -11;
v01487830_0 .var/i "i", 31 0;
E_0144AE88 .event negedge, v01482FB0_0;
TD_Matrix_Multiplier_tb.input_load ;
    %set/v v01487D00_0, 1, 1;
    %wait E_0144AAC8;
    %set/v v01487830_0, 0, 32;
T_2.10 ;
    %load/v 8, v01487830_0, 32;
   %cmpi/s 8, 32, 32;
    %jmp/0xz T_2.11, 5;
    %wait E_0144AE88;
    %ix/getv/s 3, v01487830_0;
    %load/av 8, v01487CA8, 8;
    %set/v v014877D8_0, 8, 8;
    %fork TD_Matrix_Multiplier_tb.S2CtoS, S_01446280;
    %join;
    %load/v  8, v014878E0_0, 8;
    %set/v v01487BA0_0, 8, 8;
    %ix/load 0, 1, 0;
    %load/vp0/s 8, v01487830_0, 32;
    %set/v v01487830_0, 8, 32;
    %jmp T_2.10;
T_2.11 ;
    %set/v v01487D00_0, 0, 1;
    %end;
S_01446638 .scope task, "reset_dut" "reset_dut" 2 42, 2 42, S_01447A68;
 .timescale -9 -11;
TD_Matrix_Multiplier_tb.reset_dut ;
    %set/v v01487A98_0, 1, 1;
    %set/v v01487D00_0, 0, 1;
    %set/v v01487BA0_0, 0, 8;
    %end;
S_01446280 .scope function, "S2CtoS" "S2CtoS" 2 105, 2 105, S_01447A68;
 .timescale -9 -11;
v014877D8_0 .var/s "S2C", 7 0;
v014878E0_0 .var "S2CtoS", 7 0;
TD_Matrix_Multiplier_tb.S2CtoS ;
    %load/v 8, v014877D8_0, 8;
    %mov 16, 15, 1;
    %cmp/s 0, 8, 9;
    %or 5, 4, 1;
    %mov 8, 5, 1;
    %jmp/0  T_4.12, 8;
    %load/v 9, v014877D8_0, 7; Select 7 out of 8 bits
    %mov 16, 0, 1;
    %jmp/1  T_4.14, 8;
T_4.12 ; End of true expr.
    %load/v 25, v014877D8_0, 7; Only need 7 of 8 bits
; Save base=25 wid=7 in lookaside.
    %subi 25, 1, 7;
    %inv 25, 7;
    %mov 17, 25, 7;
    %mov 24, 1, 1;
    %jmp/0  T_4.13, 8;
 ; End of false expr.
    %blend  9, 17, 8; Condition unknown.
    %jmp  T_4.14;
T_4.13 ;
    %mov 9, 17, 8; Return false value
T_4.14 ;
    %set/v v014878E0_0, 9, 8;
    %end;
S_01447050 .scope function, "StoS2C" "StoS2C" 2 98, 2 98, S_01447A68;
 .timescale -9 -11;
v01487A40_0 .var "StoS2C", 16 0;
v01487AF0_0 .var "sign", 16 0;
TD_Matrix_Multiplier_tb.StoS2C ;
    %ix/load 1, 16, 0;
    %mov 4, 0, 1;
    %jmp/1 T_5.18, 4;
    %load/x1p 8, v01487AF0_0, 1;
    %jmp T_5.19;
T_5.18 ;
    %mov 8, 2, 1;
T_5.19 ;
; Save base=8 wid=1 in lookaside.
    %jmp/0  T_5.15, 8;
    %load/v 9, v01487AF0_0, 16; Select 16 out of 17 bits
    %mov 25, 0, 1;
    %inv 9, 17;
    %addi 9, 1, 17;
    %jmp/1  T_5.17, 8;
T_5.15 ; End of true expr.
    %load/v 26, v01487AF0_0, 16; Select 16 out of 17 bits
    %mov 42, 0, 1;
    %jmp/0  T_5.16, 8;
 ; End of false expr.
    %blend  9, 26, 17; Condition unknown.
    %jmp  T_5.17;
T_5.16 ;
    %mov 9, 26, 17; Return false value
T_5.17 ;
    %set/v v01487A40_0, 9, 17;
    %end;
S_01447270 .scope module, "instance_1" "Matrix_Multiplier" 2 12, 3 3, S_01447A68;
 .timescale -9 -11;
P_0144468C .param/l "CALC" 3 7, +C4<010>;
P_014446A0 .param/l "IDLE" 3 7, +C4<0>;
P_014446B4 .param/l "LOAD" 3 7, +C4<01>;
P_014446C8 .param/l "OUT" 3 7, +C4<011>;
v01482528_0 .net *"_s24", 7 0, L_01487E08; 1 drivers
v01482580_0 .net *"_s26", 3 0, C4<0000>; 1 drivers
v01482DA0_0 .net *"_s30", 1 0, C4<00>; 1 drivers
v01482718_0 .net *"_s31", 3 0, L_01487FC0; 1 drivers
v014827C8_0 .net *"_s32", 3 0, L_01488070; 1 drivers
v014829D8_0 .net *"_s34", 7 0, L_01487728; 1 drivers
v01482820_0 .net *"_s36", 31 0, C4<00000000000000000000000000000100>; 1 drivers
v014828D0_0 .net *"_s40", 29 0, C4<000000000000000000000000000000>; 1 drivers
v01482A88_0 .net *"_s41", 31 0, L_014885F0; 1 drivers
v01482B38_0 .net *"_s42", 31 0, L_01488330; 1 drivers
v01482980_0 .net *"_s44", 7 0, L_01488598; 1 drivers
v01482DF8_0 .net *"_s46", 31 0, C4<00000000000000000000000000001000>; 1 drivers
v01482E50_0 .net *"_s50", 29 0, C4<000000000000000000000000000000>; 1 drivers
v01482928_0 .net *"_s51", 31 0, L_01488280; 1 drivers
v01482EA8_0 .net *"_s52", 31 0, L_01488540; 1 drivers
v01482878_0 .net *"_s54", 7 0, L_01488490; 1 drivers
v01482C40_0 .net *"_s56", 31 0, C4<00000000000000000000000000001100>; 1 drivers
v01482A30_0 .net *"_s60", 29 0, C4<000000000000000000000000000000>; 1 drivers
v01482B90_0 .net *"_s61", 31 0, L_014883E0; 1 drivers
v01482F58_0 .net *"_s62", 31 0, L_01488178; 1 drivers
v01482BE8_0 .net *"_s67", 0 0, L_01489F98; 1 drivers
v01482AE0_0 .net *"_s68", 0 0, C4<0>; 1 drivers
v01482C98_0 .net *"_s71", 6 0, L_0148A308; 1 drivers
v01483008_0 .net *"_s72", 7 0, L_0148A360; 1 drivers
v01482CF0_0 .net *"_s74", 7 0, C4<00000000>; 1 drivers
v01482770_0 .net *"_s77", 7 0, L_0148A3B8; 1 drivers
v01482F00_0 .net *"_s78", 0 0, C4<0>; 1 drivers
v01482D48_0 .net *"_s81", 6 0, L_0148A150; 1 drivers
v01483060_0 .net *"_s82", 7 0, L_0148D850; 1 drivers
v01482FB0_0 .net "clk", 0 0, v01487938_0; 1 drivers
v01482668_0 .var "col", 1 0;
v014830B8_0 .net/s "colB", 31 0, L_01488438; 1 drivers
v01483110_0 .net "din", 7 0, v01487BA0_0; 1 drivers
v014826C0_0 .var "dout", 16 0;
v01483378_0 .var/i "i", 31 0;
v01483428_0 .var "loadcount", 4 0;
v01483480 .array/s "matA", 15 0, 7 0;
v014831C0 .array/s "matB", 15 0, 7 0;
v01483320 .array/s "matR", 15 0, 16 0;
v014833D0_0 .var "next_state", 1 0;
v01483218_0 .var "outcount", 3 0;
v014834D8_0 .net/s "res0", 16 0, L_01488E68; 1 drivers
v01483530_0 .net/s "res1", 16 0, L_01488A48; 1 drivers
v01483588_0 .net/s "res2", 16 0, L_0148A728; 1 drivers
v014835E0_0 .net/s "res3", 16 0, L_0148A5C8; 1 drivers
v01483270_0 .net/s "row0", 31 0, L_01487D58; 1 drivers
v01483168_0 .net/s "row1", 31 0, L_01487678; 1 drivers
v014832C8_0 .net/s "row2", 31 0, L_014876D0; 1 drivers
v01487990_0 .net/s "row3", 31 0, L_01488018; 1 drivers
v014880C8_0 .net "rst", 0 0, v01487A98_0; 1 drivers
v01488120_0 .net/s "sign_din", 7 0, L_0148D170; 1 drivers
v01487BF8_0 .var "state", 1 0;
v01487F10_0 .net "wrt_en", 0 0, v01487D00_0; 1 drivers
E_0144AAC8 .event posedge, v01482FB0_0;
E_0144AD08/0 .event edge, v01487BF8_0, v01487F10_0, v01483428_0, v01482668_0;
E_0144AD08/1 .event edge, v01483218_0;
E_0144AD08 .event/or E_0144AD08/0, E_0144AD08/1;
v01483480_3 .array/port v01483480, 3;
v01483480_2 .array/port v01483480, 2;
v01483480_1 .array/port v01483480, 1;
v01483480_0 .array/port v01483480, 0;
L_01487D58 .concat [ 8 8 8 8], v01483480_3, v01483480_2, v01483480_1, v01483480_0;
v01483480_7 .array/port v01483480, 7;
v01483480_6 .array/port v01483480, 6;
v01483480_5 .array/port v01483480, 5;
v01483480_4 .array/port v01483480, 4;
L_01487678 .concat [ 8 8 8 8], v01483480_7, v01483480_6, v01483480_5, v01483480_4;
v01483480_11 .array/port v01483480, 11;
v01483480_10 .array/port v01483480, 10;
v01483480_9 .array/port v01483480, 9;
v01483480_8 .array/port v01483480, 8;
L_014876D0 .concat [ 8 8 8 8], v01483480_11, v01483480_10, v01483480_9, v01483480_8;
v01483480_15 .array/port v01483480, 15;
v01483480_14 .array/port v01483480, 14;
v01483480_13 .array/port v01483480, 13;
v01483480_12 .array/port v01483480, 12;
L_01488018 .concat [ 8 8 8 8], v01483480_15, v01483480_14, v01483480_13, v01483480_12;
L_01487E08 .array/port v014831C0, L_01488070;
L_01487FC0 .concat [ 2 2 0 0], v01482668_0, C4<00>;
L_01488070 .arith/sum 4, C4<0000>, L_01487FC0;
L_01487728 .array/port v014831C0, L_01488330;
L_014885F0 .concat [ 2 30 0 0], v01482668_0, C4<000000000000000000000000000000>;
L_01488330 .arith/sum 32, C4<00000000000000000000000000000100>, L_014885F0;
L_01488598 .array/port v014831C0, L_01488540;
L_01488280 .concat [ 2 30 0 0], v01482668_0, C4<000000000000000000000000000000>;
L_01488540 .arith/sum 32, C4<00000000000000000000000000001000>, L_01488280;
L_01488490 .array/port v014831C0, L_01488178;
L_014883E0 .concat [ 2 30 0 0], v01482668_0, C4<000000000000000000000000000000>;
L_01488178 .arith/sum 32, C4<00000000000000000000000000001100>, L_014883E0;
L_01488438 .concat [ 8 8 8 8], L_01488490, L_01488598, L_01487728, L_01487E08;
L_01489F98 .part v01487BA0_0, 7, 1;
L_0148A308 .part v01487BA0_0, 0, 7;
L_0148A360 .concat [ 7 1 0 0], L_0148A308, C4<0>;
L_0148A3B8 .arith/sub 8, C4<00000000>, L_0148A360;
L_0148A150 .part v01487BA0_0, 0, 7;
L_0148D850 .concat [ 7 1 0 0], L_0148A150, C4<0>;
L_0148D170 .functor MUXZ 8, L_0148D850, L_0148A3B8, L_01489F98, C4<>;
S_01446D20 .scope module, "i0" "Multiplier" 3 79, 4 1, S_01447270;
 .timescale -9 -11;
v01481FA8_0 .net/s *"_s16", 16 0, L_01489288; 1 drivers
v01481B88_0 .net/s *"_s18", 16 0, L_014895F8; 1 drivers
v01482000_0 .net/s *"_s21", 16 0, L_014893E8; 1 drivers
v01482058_0 .net/s *"_s22", 16 0, L_014891D8; 1 drivers
v014820B0_0 .net/s *"_s24", 16 0, L_01489180; 1 drivers
v01481C90_0 .net/s *"_s27", 16 0, L_01489390; 1 drivers
v01481AD8_0 .net/s *"_s28", 16 0, L_01489230; 1 drivers
v01481660_0 .net/s *"_s30", 16 0, L_014892E0; 1 drivers
v01481710_0 .net/s *"_s32", 16 0, L_01489338; 1 drivers
v01481768_0 .net/s *"_s35", 16 0, L_01489440; 1 drivers
v01481870_0 .net/s *"_s36", 16 0, L_01489498; 1 drivers
v014817C0_0 .net/s *"_s38", 16 0, L_01488730; 1 drivers
v01481818_0 .net/s *"_s40", 16 0, L_01488788; 1 drivers
v01482370_0 .net/s *"_s43", 16 0, L_01488E10; 1 drivers
v014821B8_0 .net/s "a0", 7 0, L_014881D0; 1 drivers
v01482210_0 .net/s "a1", 7 0, L_01488228; 1 drivers
v01482478_0 .net/s "a2", 7 0, L_014882D8; 1 drivers
v01482160_0 .net/s "a3", 7 0, L_01488388; 1 drivers
v014822C0_0 .net/s "b0", 7 0, L_014884E8; 1 drivers
v01482318_0 .net/s "b1", 7 0, L_01489548; 1 drivers
v014825D8_0 .net/s "b2", 7 0, L_014895A0; 1 drivers
v014824D0_0 .net/s "b3", 7 0, L_014894F0; 1 drivers
v014823C8_0 .alias "colB", 31 0, v014830B8_0;
v01482420_0 .alias/s "result", 16 0, v014834D8_0;
v01482268_0 .alias "rowA", 31 0, v01483270_0;
L_014881D0 .part L_01487D58, 0, 8;
L_01488228 .part L_01487D58, 8, 8;
L_014882D8 .part L_01487D58, 16, 8;
L_01488388 .part L_01487D58, 24, 8;
L_014884E8 .part L_01488438, 0, 8;
L_01489548 .part L_01488438, 8, 8;
L_014895A0 .part L_01488438, 16, 8;
L_014894F0 .part L_01488438, 24, 8;
L_01489288 .extend/s 17, L_014881D0;
L_014895F8 .extend/s 17, L_014884E8;
L_014893E8 .arith/mult 17, L_01489288, L_014895F8;
L_014891D8 .extend/s 17, L_01488228;
L_01489180 .extend/s 17, L_01489548;
L_01489390 .arith/mult 17, L_014891D8, L_01489180;
L_01489230 .arith/sum 17, L_014893E8, L_01489390;
L_014892E0 .extend/s 17, L_014882D8;
L_01489338 .extend/s 17, L_014895A0;
L_01489440 .arith/mult 17, L_014892E0, L_01489338;
L_01489498 .arith/sum 17, L_01489230, L_01489440;
L_01488730 .extend/s 17, L_01488388;
L_01488788 .extend/s 17, L_014894F0;
L_01488E10 .arith/mult 17, L_01488730, L_01488788;
L_01488E68 .arith/sum 17, L_01489498, L_01488E10;
S_014476B0 .scope module, "i1" "Multiplier" 3 82, 4 1, S_01447270;
 .timescale -9 -11;
v01481208_0 .net/s *"_s16", 16 0, L_01489128; 1 drivers
v014812B8_0 .net/s *"_s18", 16 0, L_01488C58; 1 drivers
v01481158_0 .net/s *"_s21", 16 0, L_01488EC0; 1 drivers
v01481578_0 .net/s *"_s22", 16 0, L_01488680; 1 drivers
v01481368_0 .net/s *"_s24", 16 0, L_01488D60; 1 drivers
v01481260_0 .net/s *"_s27", 16 0, L_01488F70; 1 drivers
v01481CE8_0 .net/s *"_s28", 16 0, L_01488DB8; 1 drivers
v01481EA0_0 .net/s *"_s30", 16 0, L_014887E0; 1 drivers
v01481D40_0 .net/s *"_s32", 16 0, L_014886D8; 1 drivers
v01481BE0_0 .net/s *"_s35", 16 0, L_01488838; 1 drivers
v014818C8_0 .net/s *"_s36", 16 0, L_01488890; 1 drivers
v01481A28_0 .net/s *"_s38", 16 0, L_01488D08; 1 drivers
v01482108_0 .net/s *"_s40", 16 0, L_01488FC8; 1 drivers
v01481D98_0 .net/s *"_s43", 16 0, L_014888E8; 1 drivers
v01481C38_0 .net/s "a0", 7 0, L_014890D0; 1 drivers
v01481B30_0 .net/s "a1", 7 0, L_01488BA8; 1 drivers
v014819D0_0 .net/s "a2", 7 0, L_01488C00; 1 drivers
v01481920_0 .net/s "a3", 7 0, L_01488B50; 1 drivers
v01481A80_0 .net/s "b0", 7 0, L_01488F18; 1 drivers
v01481EF8_0 .net/s "b1", 7 0, L_01489078; 1 drivers
v014816B8_0 .net/s "b2", 7 0, L_01488AF8; 1 drivers
v01481978_0 .net/s "b3", 7 0, L_01489020; 1 drivers
v01481E48_0 .alias "colB", 31 0, v014830B8_0;
v01481DF0_0 .alias/s "result", 16 0, v01483530_0;
v01481F50_0 .alias "rowA", 31 0, v01483168_0;
L_014890D0 .part L_01487678, 0, 8;
L_01488BA8 .part L_01487678, 8, 8;
L_01488C00 .part L_01487678, 16, 8;
L_01488B50 .part L_01487678, 24, 8;
L_01488F18 .part L_01488438, 0, 8;
L_01489078 .part L_01488438, 8, 8;
L_01488AF8 .part L_01488438, 16, 8;
L_01489020 .part L_01488438, 24, 8;
L_01489128 .extend/s 17, L_014890D0;
L_01488C58 .extend/s 17, L_01488F18;
L_01488EC0 .arith/mult 17, L_01489128, L_01488C58;
L_01488680 .extend/s 17, L_01488BA8;
L_01488D60 .extend/s 17, L_01489078;
L_01488F70 .arith/mult 17, L_01488680, L_01488D60;
L_01488DB8 .arith/sum 17, L_01488EC0, L_01488F70;
L_014887E0 .extend/s 17, L_01488C00;
L_014886D8 .extend/s 17, L_01488AF8;
L_01488838 .arith/mult 17, L_014887E0, L_014886D8;
L_01488890 .arith/sum 17, L_01488DB8, L_01488838;
L_01488D08 .extend/s 17, L_01488B50;
L_01488FC8 .extend/s 17, L_01489020;
L_014888E8 .arith/mult 17, L_01488D08, L_01488FC8;
L_01488A48 .arith/sum 17, L_01488890, L_014888E8;
S_01447490 .scope module, "i2" "Multiplier" 3 85, 4 1, S_01447270;
 .timescale -9 -11;
v01480B80_0 .net/s *"_s16", 16 0, L_0148AA40; 1 drivers
v01480CE0_0 .net/s *"_s18", 16 0, L_0148AD58; 1 drivers
v01480EF0_0 .net/s *"_s21", 16 0, L_0148ABA0; 1 drivers
v01481100_0 .net/s *"_s22", 16 0, L_0148AA98; 1 drivers
v01480F48_0 .net/s *"_s24", 16 0, L_0148AB48; 1 drivers
v01481050_0 .net/s *"_s27", 16 0, L_0148ADB0; 1 drivers
v01480658_0 .net/s *"_s28", 16 0, L_0148AE08; 1 drivers
v01480FA0_0 .net/s *"_s30", 16 0, L_0148A990; 1 drivers
v014806B0_0 .net/s *"_s32", 16 0, L_0148ABF8; 1 drivers
v01480760_0 .net/s *"_s35", 16 0, L_0148ACA8; 1 drivers
v014807B8_0 .net/s *"_s36", 16 0, L_0148A9E8; 1 drivers
v01480868_0 .net/s *"_s38", 16 0, L_0148A8E0; 1 drivers
v01480970_0 .net/s *"_s40", 16 0, L_0148A410; 1 drivers
v01480918_0 .net/s *"_s43", 16 0, L_0148A6D0; 1 drivers
v014809C8_0 .net/s "a0", 7 0, L_01488998; 1 drivers
v01480A20_0 .net/s "a1", 7 0, L_01488940; 1 drivers
v01480A78_0 .net/s "a2", 7 0, L_01488CB0; 1 drivers
v014815D0_0 .net/s "a3", 7 0, L_014889F0; 1 drivers
v014814C8_0 .net/s "b0", 7 0, L_01488AA0; 1 drivers
v01481520_0 .net/s "b1", 7 0, L_0148AC50; 1 drivers
v01481310_0 .net/s "b2", 7 0, L_0148AD00; 1 drivers
v014811B0_0 .net/s "b3", 7 0, L_0148AAF0; 1 drivers
v014813C0_0 .alias "colB", 31 0, v014830B8_0;
v01481470_0 .alias/s "result", 16 0, v01483588_0;
v01481418_0 .alias "rowA", 31 0, v014832C8_0;
L_01488998 .part L_014876D0, 0, 8;
L_01488940 .part L_014876D0, 8, 8;
L_01488CB0 .part L_014876D0, 16, 8;
L_014889F0 .part L_014876D0, 24, 8;
L_01488AA0 .part L_01488438, 0, 8;
L_0148AC50 .part L_01488438, 8, 8;
L_0148AD00 .part L_01488438, 16, 8;
L_0148AAF0 .part L_01488438, 24, 8;
L_0148AA40 .extend/s 17, L_01488998;
L_0148AD58 .extend/s 17, L_01488AA0;
L_0148ABA0 .arith/mult 17, L_0148AA40, L_0148AD58;
L_0148AA98 .extend/s 17, L_01488940;
L_0148AB48 .extend/s 17, L_0148AC50;
L_0148ADB0 .arith/mult 17, L_0148AA98, L_0148AB48;
L_0148AE08 .arith/sum 17, L_0148ABA0, L_0148ADB0;
L_0148A990 .extend/s 17, L_01488CB0;
L_0148ABF8 .extend/s 17, L_0148AD00;
L_0148ACA8 .arith/mult 17, L_0148A990, L_0148ABF8;
L_0148A9E8 .arith/sum 17, L_0148AE08, L_0148ACA8;
L_0148A8E0 .extend/s 17, L_014889F0;
L_0148A410 .extend/s 17, L_0148AAF0;
L_0148A6D0 .arith/mult 17, L_0148A8E0, L_0148A410;
L_0148A728 .arith/sum 17, L_0148A9E8, L_0148A6D0;
S_01447408 .scope module, "i3" "Multiplier" 3 88, 4 1, S_01447270;
 .timescale -9 -11;
v01430220_0 .net/s *"_s16", 16 0, L_01489E90; 1 drivers
v0142FC48_0 .net/s *"_s18", 16 0, L_01489FF0; 1 drivers
v01430328_0 .net/s *"_s21", 16 0, L_0148A468; 1 drivers
v01430380_0 .net/s *"_s22", 16 0, L_0148A888; 1 drivers
v01430430_0 .net/s *"_s24", 16 0, L_0148A518; 1 drivers
v01430488_0 .net/s *"_s27", 16 0, L_0148A570; 1 drivers
v014304E0_0 .net/s *"_s28", 16 0, L_0148A200; 1 drivers
v01430538_0 .net/s *"_s30", 16 0, L_01489EE8; 1 drivers
v01430590_0 .net/s *"_s32", 16 0, L_0148A830; 1 drivers
v014305E8_0 .net/s *"_s35", 16 0, L_0148A258; 1 drivers
v01480BD8_0 .net/s *"_s36", 16 0, L_01489F40; 1 drivers
v01480FF8_0 .net/s *"_s38", 16 0, L_0148A1A8; 1 drivers
v01480E40_0 .net/s *"_s40", 16 0, L_0148A0A0; 1 drivers
v014808C0_0 .net/s *"_s43", 16 0, L_0148A2B0; 1 drivers
v01480B28_0 .net/s "a0", 7 0, L_0148A048; 1 drivers
v01480AD0_0 .net/s "a1", 7 0, L_0148A4C0; 1 drivers
v01480D90_0 .net/s "a2", 7 0, L_0148A7D8; 1 drivers
v01480810_0 .net/s "a3", 7 0, L_0148A0F8; 1 drivers
v01480D38_0 .net/s "b0", 7 0, L_0148A938; 1 drivers
v01480C30_0 .net/s "b1", 7 0, L_0148A620; 1 drivers
v014810A8_0 .net/s "b2", 7 0, L_0148A780; 1 drivers
v01480C88_0 .net/s "b3", 7 0, L_0148A678; 1 drivers
v01480708_0 .alias "colB", 31 0, v014830B8_0;
v01480E98_0 .alias/s "result", 16 0, v014835E0_0;
v01480DE8_0 .alias "rowA", 31 0, v01487990_0;
L_0148A048 .part L_01488018, 0, 8;
L_0148A4C0 .part L_01488018, 8, 8;
L_0148A7D8 .part L_01488018, 16, 8;
L_0148A0F8 .part L_01488018, 24, 8;
L_0148A938 .part L_01488438, 0, 8;
L_0148A620 .part L_01488438, 8, 8;
L_0148A780 .part L_01488438, 16, 8;
L_0148A678 .part L_01488438, 24, 8;
L_01489E90 .extend/s 17, L_0148A048;
L_01489FF0 .extend/s 17, L_0148A938;
L_0148A468 .arith/mult 17, L_01489E90, L_01489FF0;
L_0148A888 .extend/s 17, L_0148A4C0;
L_0148A518 .extend/s 17, L_0148A620;
L_0148A570 .arith/mult 17, L_0148A888, L_0148A518;
L_0148A200 .arith/sum 17, L_0148A468, L_0148A570;
L_01489EE8 .extend/s 17, L_0148A7D8;
L_0148A830 .extend/s 17, L_0148A780;
L_0148A258 .arith/mult 17, L_01489EE8, L_0148A830;
L_01489F40 .arith/sum 17, L_0148A200, L_0148A258;
L_0148A1A8 .extend/s 17, L_0148A0F8;
L_0148A0A0 .extend/s 17, L_0148A678;
L_0148A2B0 .arith/mult 17, L_0148A1A8, L_0148A0A0;
L_0148A5C8 .arith/sum 17, L_01489F40, L_0148A2B0;
    .scope S_01447270;
T_6 ;
    %wait E_0144AD08;
    %load/v 8, v01487BF8_0, 2;
    %cmpi/u 8, 0, 2;
    %jmp/1 T_6.0, 6;
    %cmpi/u 8, 1, 2;
    %jmp/1 T_6.1, 6;
    %cmpi/u 8, 2, 2;
    %jmp/1 T_6.2, 6;
    %cmpi/u 8, 3, 2;
    %jmp/1 T_6.3, 6;
    %jmp T_6.4;
T_6.0 ;
    %load/v 8, v01487F10_0, 1;
    %jmp/0  T_6.5, 8;
    %movi 9, 1, 2;
    %jmp/1  T_6.7, 8;
T_6.5 ; End of true expr.
    %jmp/0  T_6.6, 8;
 ; End of false expr.
    %blend  9, 0, 2; Condition unknown.
    %jmp  T_6.7;
T_6.6 ;
    %mov 9, 0, 2; Return false value
T_6.7 ;
    %set/v v014833D0_0, 9, 2;
    %jmp T_6.4;
T_6.1 ;
    %load/v 8, v01483428_0, 5;
    %mov 13, 0, 2;
    %cmpi/u 8, 31, 7;
    %mov 8, 4, 1;
    %jmp/0  T_6.8, 8;
    %movi 9, 2, 3;
    %jmp/1  T_6.10, 8;
T_6.8 ; End of true expr.
    %movi 12, 1, 3;
    %jmp/0  T_6.9, 8;
 ; End of false expr.
    %blend  9, 12, 3; Condition unknown.
    %jmp  T_6.10;
T_6.9 ;
    %mov 9, 12, 3; Return false value
T_6.10 ;
    %set/v v014833D0_0, 9, 2;
    %jmp T_6.4;
T_6.2 ;
    %load/v 8, v01482668_0, 2;
    %mov 10, 0, 2;
    %cmpi/u 8, 3, 4;
    %mov 8, 4, 1;
    %jmp/0  T_6.11, 8;
    %movi 9, 3, 3;
    %jmp/1  T_6.13, 8;
T_6.11 ; End of true expr.
    %movi 12, 2, 3;
    %jmp/0  T_6.12, 8;
 ; End of false expr.
    %blend  9, 12, 3; Condition unknown.
    %jmp  T_6.13;
T_6.12 ;
    %mov 9, 12, 3; Return false value
T_6.13 ;
    %set/v v014833D0_0, 9, 2;
    %jmp T_6.4;
T_6.3 ;
    %load/v 8, v01483218_0, 4;
    %mov 12, 0, 2;
    %cmpi/u 8, 15, 6;
    %mov 8, 4, 1;
    %jmp/0  T_6.14, 8;
    %mov 9, 0, 3;
    %jmp/1  T_6.16, 8;
T_6.14 ; End of true expr.
    %movi 12, 3, 3;
    %jmp/0  T_6.15, 8;
 ; End of false expr.
    %blend  9, 12, 3; Condition unknown.
    %jmp  T_6.16;
T_6.15 ;
    %mov 9, 12, 3; Return false value
T_6.16 ;
    %set/v v014833D0_0, 9, 2;
    %jmp T_6.4;
T_6.4 ;
    %jmp T_6;
    .thread T_6, $push;
    .scope S_01447270;
T_7 ;
    %wait E_0144AAC8;
    %load/v 8, v014880C8_0, 1;
    %jmp/0xz  T_7.0, 8;
    %ix/load 0, 4, 0;
    %assign/v0 v01483218_0, 0, 0;
    %ix/load 0, 2, 0;
    %assign/v0 v01482668_0, 0, 0;
    %ix/load 0, 5, 0;
    %assign/v0 v01483428_0, 0, 0;
    %ix/load 0, 2, 0;
    %assign/v0 v01487BF8_0, 0, 0;
    %jmp T_7.1;
T_7.0 ;
    %load/v 8, v014833D0_0, 2;
    %ix/load 0, 2, 0;
    %assign/v0 v01487BF8_0, 0, 8;
    %load/v 8, v01487BF8_0, 2;
    %mov 10, 0, 1;
    %cmpi/u 8, 1, 3;
    %mov 8, 4, 1;
    %load/v 9, v01483428_0, 5;
    %mov 14, 0, 1;
    %cmpi/u 9, 0, 6;
    %mov 9, 4, 1;
    %and 8, 9, 1;
    %jmp/0xz  T_7.2, 8;
    %set/v v01483378_0, 0, 32;
T_7.4 ;
    %load/v 8, v01483378_0, 32;
   %cmpi/s 8, 16, 32;
    %jmp/0xz T_7.5, 5;
    %ix/getv/s 3, v01483378_0;
    %jmp/1 t_1, 4;
    %ix/load 0, 17, 0; word width
    %ix/load 1, 0, 0; part off
    %assign/av v01483320, 0, 0;
t_1 ;
    %ix/load 0, 1, 0;
    %load/vp0/s 8, v01483378_0, 32;
    %set/v v01483378_0, 8, 32;
    %jmp T_7.4;
T_7.5 ;
T_7.2 ;
T_7.1 ;
    %jmp T_7;
    .thread T_7;
    .scope S_01447270;
T_8 ;
    %wait E_0144AAC8;
    %load/v 8, v01487BF8_0, 2;
    %mov 10, 0, 1;
    %cmpi/u 8, 1, 3;
    %jmp/0xz  T_8.0, 4;
    %ix/load 0, 1, 0;
    %load/vp0 8, v01483428_0, 5;
    %ix/load 0, 5, 0;
    %assign/v0 v01483428_0, 0, 8;
    %jmp T_8.1;
T_8.0 ;
    %load/v 8, v01487BF8_0, 2;
    %mov 10, 0, 2;
    %cmpi/u 8, 2, 4;
    %jmp/0xz  T_8.2, 4;
    %load/v 8, v01482668_0, 2;
    %mov 10, 0, 30;
    %addi 8, 1, 32;
    %ix/load 0, 2, 0;
    %assign/v0 v01482668_0, 0, 8;
    %jmp T_8.3;
T_8.2 ;
    %load/v 8, v01487BF8_0, 2;
    %mov 10, 0, 2;
    %cmpi/u 8, 3, 4;
    %jmp/0xz  T_8.4, 4;
    %load/v 8, v01483218_0, 4;
    %mov 12, 0, 28;
    %addi 8, 1, 32;
    %ix/load 0, 4, 0;
    %assign/v0 v01483218_0, 0, 8;
    %jmp T_8.5;
T_8.4 ;
    %ix/load 0, 4, 0;
    %assign/v0 v01483218_0, 0, 0;
    %ix/load 0, 2, 0;
    %assign/v0 v01482668_0, 0, 0;
    %ix/load 0, 5, 0;
    %assign/v0 v01483428_0, 0, 0;
T_8.5 ;
T_8.3 ;
T_8.1 ;
    %jmp T_8;
    .thread T_8;
    .scope S_01447270;
T_9 ;
    %wait E_0144AAC8;
    %load/v 8, v01487BF8_0, 2;
    %mov 10, 0, 1;
    %cmpi/u 8, 1, 3;
    %jmp/0xz  T_9.0, 4;
    %load/v 8, v01483428_0, 5;
   %cmpi/u 8, 15, 5;
    %or 5, 4, 1;
    %jmp/0xz  T_9.2, 5;
    %load/v 8, v01488120_0, 8;
    %load/v 16, v01483428_0, 4; Only need 4 of 5 bits
; Save base=16 wid=4 in lookaside.
    %ix/get 3, 16, 4;
    %jmp/1 t_2, 4;
    %ix/load 0, 8, 0; word width
    %ix/load 1, 0, 0; part off
    %assign/av v01483480, 0, 8;
t_2 ;
    %jmp T_9.3;
T_9.2 ;
    %load/v 8, v01488120_0, 8;
    %load/v 16, v01483428_0, 5;
    %movi 21, 0, 27;
    %subi 16, 16, 32;
    %ix/get 3, 16, 32;
    %jmp/1 t_3, 4;
    %ix/load 0, 8, 0; word width
    %ix/load 1, 0, 0; part off
    %assign/av v014831C0, 0, 8;
t_3 ;
T_9.3 ;
    %jmp T_9.1;
T_9.0 ;
    %load/v 8, v01487BF8_0, 2;
    %mov 10, 0, 2;
    %cmpi/u 8, 2, 4;
    %jmp/0xz  T_9.4, 4;
    %load/v 8, v014834D8_0, 17;
    %ix/load 0, 0, 0;
    %load/vp0 25, v01482668_0, 4;
    %ix/get 3, 25, 4;
    %jmp/1 t_4, 4;
    %ix/load 0, 17, 0; word width
    %ix/load 1, 0, 0; part off
    %assign/av v01483320, 0, 8;
t_4 ;
    %load/v 8, v01483530_0, 17;
    %ix/load 0, 4, 0;
    %load/vp0 25, v01482668_0, 32;
    %ix/get 3, 25, 32;
    %jmp/1 t_5, 4;
    %ix/load 0, 17, 0; word width
    %ix/load 1, 0, 0; part off
    %assign/av v01483320, 0, 8;
t_5 ;
    %load/v 8, v01483588_0, 17;
    %ix/load 0, 8, 0;
    %load/vp0 25, v01482668_0, 32;
    %ix/get 3, 25, 32;
    %jmp/1 t_6, 4;
    %ix/load 0, 17, 0; word width
    %ix/load 1, 0, 0; part off
    %assign/av v01483320, 0, 8;
t_6 ;
    %load/v 8, v014835E0_0, 17;
    %ix/load 0, 12, 0;
    %load/vp0 25, v01482668_0, 32;
    %ix/get 3, 25, 32;
    %jmp/1 t_7, 4;
    %ix/load 0, 17, 0; word width
    %ix/load 1, 0, 0; part off
    %assign/av v01483320, 0, 8;
t_7 ;
    %jmp T_9.5;
T_9.4 ;
    %load/v 8, v01487BF8_0, 2;
    %mov 10, 0, 2;
    %cmpi/u 8, 3, 4;
    %jmp/0xz  T_9.6, 4;
    %ix/getv 3, v01483218_0;
    %load/av 8, v01483320, 17;
    %mov 25, 24, 1;
    %cmp/s 0, 8, 18;
    %or 5, 4, 1;
    %mov 8, 5, 1;
    %jmp/0  T_9.8, 8;
    %ix/getv 3, v01483218_0;
    %jmp/1 T_9.11, 4;
    %ix/get/s 0, 0, 2;
T_9.11 ;
    %load/avx.p 26, v01483320, 0;
    %load/avx.p 27, v01483320, 0;
    %load/avx.p 28, v01483320, 0;
    %load/avx.p 29, v01483320, 0;
    %load/avx.p 30, v01483320, 0;
    %load/avx.p 31, v01483320, 0;
    %load/avx.p 32, v01483320, 0;
    %load/avx.p 33, v01483320, 0;
    %load/avx.p 34, v01483320, 0;
    %load/avx.p 35, v01483320, 0;
    %load/avx.p 36, v01483320, 0;
    %load/avx.p 37, v01483320, 0;
    %load/avx.p 38, v01483320, 0;
    %load/avx.p 39, v01483320, 0;
    %load/avx.p 40, v01483320, 0;
    %load/avx.p 41, v01483320, 0;
    %mov 9, 26, 16; Move signal select into place
    %mov 25, 0, 1;
    %jmp/1  T_9.10, 8;
T_9.8 ; End of true expr.
    %ix/getv 3, v01483218_0;
    %jmp/1 T_9.12, 4;
    %ix/get/s 0, 0, 2;
T_9.12 ;
    %load/avx.p 43, v01483320, 0;
    %load/avx.p 44, v01483320, 0;
    %load/avx.p 45, v01483320, 0;
    %load/avx.p 46, v01483320, 0;
    %load/avx.p 47, v01483320, 0;
    %load/avx.p 48, v01483320, 0;
    %load/avx.p 49, v01483320, 0;
    %load/avx.p 50, v01483320, 0;
    %load/avx.p 51, v01483320, 0;
    %load/avx.p 52, v01483320, 0;
    %load/avx.p 53, v01483320, 0;
    %load/avx.p 54, v01483320, 0;
    %load/avx.p 55, v01483320, 0;
    %load/avx.p 56, v01483320, 0;
    %load/avx.p 57, v01483320, 0;
    %load/avx.p 58, v01483320, 0;
; Save base=43 wid=16 in lookaside.
    %subi 43, 1, 16;
    %inv 43, 16;
    %mov 26, 43, 16;
    %mov 42, 1, 1;
    %jmp/0  T_9.9, 8;
 ; End of false expr.
    %blend  9, 26, 17; Condition unknown.
    %jmp  T_9.10;
T_9.9 ;
    %mov 9, 26, 17; Return false value
T_9.10 ;
    %ix/load 0, 17, 0;
    %assign/v0 v014826C0_0, 0, 9;
T_9.6 ;
T_9.5 ;
T_9.1 ;
    %jmp T_9;
    .thread T_9;
    .scope S_01447A68;
T_10 ;
    %set/v v01487938_0, 0, 1;
T_10.0 ;
    %delay 500, 0;
    %load/v 8, v01487938_0, 1;
    %inv 8, 1;
    %set/v v01487938_0, 8, 1;
    %jmp T_10.0;
    %end;
    .thread T_10;
    .scope S_01447A68;
T_11 ;
    %vpi_call 2 24 "$dumpfile", "wave.vcd";
    %vpi_call 2 25 "$dumpvars", 1'sb0, S_01447A68;
    %end;
    .thread T_11;
    .scope S_01447A68;
T_12 ;
    %vpi_func 2 29 "$value$plusargs", 8, 32, "INPUT=%s", v014879E8_0;
    %nor/r 8, 8, 32;
    %jmp/0xz  T_12.0, 8;
    %movi 8, 778593656, 32;
    %movi 40, 795699566, 32;
    %movi 72, 1852863860, 32;
    %movi 104, 105, 32;
    %movi 136, 0, 32;
    %movi 168, 0, 32;
    %movi 200, 0, 32;
    %movi 232, 0, 32;
    %movi 264, 0, 32;
    %movi 296, 0, 32;
    %movi 328, 0, 32;
    %movi 360, 0, 32;
    %movi 392, 0, 32;
    %movi 424, 0, 32;
    %movi 456, 0, 32;
    %movi 488, 0, 32;
    %movi 520, 0, 32;
    %movi 552, 0, 32;
    %movi 584, 0, 32;
    %movi 616, 0, 32;
    %movi 648, 0, 32;
    %movi 680, 0, 32;
    %movi 712, 0, 32;
    %movi 744, 0, 32;
    %movi 776, 0, 32;
    %movi 808, 0, 32;
    %movi 840, 0, 32;
    %movi 872, 0, 32;
    %movi 904, 0, 32;
    %movi 936, 0, 32;
    %movi 968, 0, 32;
    %movi 1000, 0, 32;
    %set/v v014879E8_0, 8, 1024;
T_12.0 ;
    %vpi_call 2 32 "$display", "INFO: loading %0s", v014879E8_0;
    %vpi_call 2 33 "$readmemh", v014879E8_0, v01487CA8;
    %end;
    .thread T_12;
    .scope S_01447A68;
T_13 ;
    %delay 100000, 0;
    %vpi_call 2 38 "$display", "INFO: timeout reached, finishing simulation.";
    %vpi_call 2 39 "$finish";
    %end;
    .thread T_13;
    .scope S_01447A68;
T_14 ;
    %fork TD_Matrix_Multiplier_tb.reset_dut, S_01446638;
    %join;
    %delay 1000, 0;
    %set/v v01487A98_0, 0, 1;
    %fork TD_Matrix_Multiplier_tb.input_load, S_01446528;
    %join;
    %fork TD_Matrix_Multiplier_tb.calc_expect, S_01446748;
    %join;
T_14.0 ;
    %load/v 8, v01487BF8_0, 2;
    %cmpi/u 8, 3, 2;
    %cmpi/u 4, 1, 1;
    %inv 6, 1;
    %jmp/0xz T_14.1, 6;
    %wait E_0144A968;
    %jmp T_14.0;
T_14.1 ;
    %vpi_call 2 121 "$display", "Start OUT at %0t", $time;
    %fork TD_Matrix_Multiplier_tb.check_dout, S_014466C0;
    %join;
    %vpi_call 2 124 "$display", "INFO: simulation complete.";
    %vpi_call 2 125 "$finish";
    %end;
    .thread T_14;
# The file index is used to find the file name in the following table.
:file_names 5;
    "N/A";
    "<interactive>";
    "../tb/Matrix_Multiplier_tb.v";
    "../rtl/Matrix_Multiplier.v";
    "../rtl/Multiplier.v";
